<?xml version="1.0" encoding="UTF-8"?>
<testsuite name="com.bookindle.boosystem.BoosystemApplicationTests" tests="1" skipped="0" failures="0" errors="0" timestamp="2020-04-11T00:58:06" hostname="MacBook-Pro.local" time="0.269">
  <properties/>
  <testcase name="contextLoads()" classname="com.bookindle.boosystem.BoosystemApplicationTests" time="0.269"/>
  <system-out><![CDATA[08:57:50.003 [Test worker] DEBUG org.springframework.test.context.BootstrapUtils - Instantiating CacheAwareContextLoaderDelegate from class [org.springframework.test.context.cache.DefaultCacheAwareContextLoaderDelegate]
08:57:50.019 [Test worker] DEBUG org.springframework.test.context.BootstrapUtils - Instantiating BootstrapContext using constructor [public org.springframework.test.context.support.DefaultBootstrapContext(java.lang.Class,org.springframework.test.context.CacheAwareContextLoaderDelegate)]
08:57:50.057 [Test worker] DEBUG org.springframework.test.context.BootstrapUtils - Instantiating TestContextBootstrapper for test class [com.bookindle.boosystem.BoosystemApplicationTests] from class [org.springframework.boot.test.context.SpringBootTestContextBootstrapper]
08:57:50.080 [Test worker] INFO org.springframework.boot.test.context.SpringBootTestContextBootstrapper - Neither @ContextConfiguration nor @ContextHierarchy found for test class [com.bookindle.boosystem.BoosystemApplicationTests], using SpringBootContextLoader
08:57:50.084 [Test worker] DEBUG org.springframework.test.context.support.AbstractContextLoader - Did not detect default resource location for test class [com.bookindle.boosystem.BoosystemApplicationTests]: class path resource [com/bookindle/boosystem/BoosystemApplicationTests-context.xml] does not exist
08:57:50.085 [Test worker] DEBUG org.springframework.test.context.support.AbstractContextLoader - Did not detect default resource location for test class [com.bookindle.boosystem.BoosystemApplicationTests]: class path resource [com/bookindle/boosystem/BoosystemApplicationTestsContext.groovy] does not exist
08:57:50.085 [Test worker] INFO org.springframework.test.context.support.AbstractContextLoader - Could not detect default resource locations for test class [com.bookindle.boosystem.BoosystemApplicationTests]: no resource found for suffixes {-context.xml, Context.groovy}.
08:57:50.086 [Test worker] INFO org.springframework.test.context.support.AnnotationConfigContextLoaderUtils - Could not detect default configuration classes for test class [com.bookindle.boosystem.BoosystemApplicationTests]: BoosystemApplicationTests does not declare any static, non-private, non-final, nested classes annotated with @Configuration.
08:57:50.136 [Test worker] DEBUG org.springframework.test.context.support.ActiveProfilesUtils - Could not find an 'annotation declaring class' for annotation type [org.springframework.test.context.ActiveProfiles] and class [com.bookindle.boosystem.BoosystemApplicationTests]
08:57:50.207 [Test worker] DEBUG org.springframework.context.annotation.ClassPathScanningCandidateComponentProvider - Identified candidate component class: file [/Users/xxf/Documents/java-workspace/boosystem/build/classes/java/main/com/bookindle/boosystem/BoosystemApplication.class]
08:57:50.209 [Test worker] INFO org.springframework.boot.test.context.SpringBootTestContextBootstrapper - Found @SpringBootConfiguration com.bookindle.boosystem.BoosystemApplication for test class com.bookindle.boosystem.BoosystemApplicationTests
08:57:50.349 [Test worker] DEBUG org.springframework.boot.test.context.SpringBootTestContextBootstrapper - @TestExecutionListeners is not present for class [com.bookindle.boosystem.BoosystemApplicationTests]: using defaults.
08:57:50.350 [Test worker] INFO org.springframework.boot.test.context.SpringBootTestContextBootstrapper - Loaded default TestExecutionListener class names from location [META-INF/spring.factories]: [org.springframework.security.test.context.support.WithSecurityContextTestExecutionListener, org.springframework.security.test.context.support.ReactorContextTestExecutionListener, org.springframework.boot.test.autoconfigure.restdocs.RestDocsTestExecutionListener, org.springframework.boot.test.autoconfigure.web.client.MockRestServiceServerResetTestExecutionListener, org.springframework.boot.test.autoconfigure.web.servlet.MockMvcPrintOnlyOnFailureTestExecutionListener, org.springframework.boot.test.autoconfigure.web.servlet.WebDriverTestExecutionListener, org.springframework.boot.test.mock.mockito.MockitoTestExecutionListener, org.springframework.boot.test.mock.mockito.ResetMocksTestExecutionListener, org.springframework.test.context.web.ServletTestExecutionListener, org.springframework.test.context.support.DirtiesContextBeforeModesTestExecutionListener, org.springframework.test.context.support.DependencyInjectionTestExecutionListener, org.springframework.test.context.support.DirtiesContextTestExecutionListener, org.springframework.test.context.transaction.TransactionalTestExecutionListener, org.springframework.test.context.jdbc.SqlScriptsTestExecutionListener, org.springframework.test.context.event.EventPublishingTestExecutionListener]
08:57:50.378 [Test worker] INFO org.springframework.boot.test.context.SpringBootTestContextBootstrapper - Using TestExecutionListeners: [org.springframework.test.context.web.ServletTestExecutionListener@55a374b3, org.springframework.test.context.support.DirtiesContextBeforeModesTestExecutionListener@66eb2ed0, org.springframework.boot.test.mock.mockito.MockitoTestExecutionListener@697a16a6, org.springframework.boot.test.autoconfigure.SpringBootDependencyInjectionTestExecutionListener@20183b6d, org.springframework.test.context.support.DirtiesContextTestExecutionListener@6ed0c531, org.springframework.test.context.transaction.TransactionalTestExecutionListener@51f2fb95, org.springframework.test.context.jdbc.SqlScriptsTestExecutionListener@6804082b, org.springframework.security.test.context.support.WithSecurityContextTestExecutionListener@9a68515, org.springframework.test.context.event.EventPublishingTestExecutionListener@61b7205d, org.springframework.security.test.context.support.ReactorContextTestExecutionListener@27df51ad, org.springframework.boot.test.autoconfigure.restdocs.RestDocsTestExecutionListener@6f52402d, org.springframework.boot.test.autoconfigure.web.client.MockRestServiceServerResetTestExecutionListener@5261feff, org.springframework.boot.test.autoconfigure.web.servlet.MockMvcPrintOnlyOnFailureTestExecutionListener@a0c8926, org.springframework.boot.test.autoconfigure.web.servlet.WebDriverTestExecutionListener@5783f3f3, org.springframework.boot.test.mock.mockito.ResetMocksTestExecutionListener@2aad8206]
08:57:50.382 [Test worker] DEBUG org.springframework.test.context.support.AbstractDirtiesContextTestExecutionListener - Before test class: context [DefaultTestContext@13f539e1 testClass = BoosystemApplicationTests, testInstance = [null], testMethod = [null], testException = [null], mergedContextConfiguration = [WebMergedContextConfiguration@6558c286 testClass = BoosystemApplicationTests, locations = '{}', classes = '{class com.bookindle.boosystem.BoosystemApplication}', contextInitializerClasses = '[]', activeProfiles = '{}', propertySourceLocations = '{}', propertySourceProperties = '{org.springframework.boot.test.context.SpringBootTestContextBootstrapper=true}', contextCustomizers = set[org.springframework.boot.test.autoconfigure.properties.PropertyMappingContextCustomizer@0, org.springframework.boot.test.autoconfigure.web.servlet.WebDriverContextCustomizerFactory$Customizer@23112014, org.springframework.boot.test.context.filter.ExcludeFilterContextCustomizer@2a5bb747, org.springframework.boot.test.json.DuplicateJsonObjectContextCustomizerFactory$DuplicateJsonObjectContextCustomizer@1525f9a4, org.springframework.boot.test.mock.mockito.MockitoContextCustomizer@0, org.springframework.boot.test.web.client.TestRestTemplateContextCustomizer@3337e069], resourceBasePath = 'src/main/webapp', contextLoader = 'org.springframework.boot.test.context.SpringBootContextLoader', parent = [null]], attributes = map['org.springframework.test.context.web.ServletTestExecutionListener.activateListener' -> true]], class annotated with @DirtiesContext [false] with mode [null].
08:57:50.412 [Test worker] DEBUG org.springframework.test.context.support.TestPropertySourceUtils - Adding inlined properties to environment: {spring.jmx.enabled=false, org.springframework.boot.test.context.SpringBootTestContextBootstrapper=true, server.port=-1}

  .   ____          _            __ _ _
 /\\ / ___'_ __ _ _(_)_ __  __ _ \ \ \ \
( ( )\___ | '_ | '_| | '_ \/ _` | \ \ \ \
 \\/  ___)| |_)| | | | | || (_| |  ) ) ) )
  '  |____| .__|_| |_|_| |_\__, | / / / /
 =========|_|==============|___/=/_/_/_/
 :: Spring Boot ::        (v2.2.5.RELEASE)

2020-04-11 08:57:51.049  WARN 94046 --- [    Test worker] ory$DuplicateJsonObjectContextCustomizer : 

Found multiple occurrences of org.json.JSONObject on the class path:

	jar:file:/Users/xxf/.gradle/caches/modules-2/files-2.1/org.json/json/20160212/a742e3f85161835b95877478c5dd5b405cefaab9/json-20160212.jar!/org/json/JSONObject.class
	jar:file:/Users/xxf/.gradle/caches/modules-2/files-2.1/com.vaadin.external.google/android-json/0.0.20131108.vaadin1/fa26d351fe62a6a17f5cda1287c1c6110dec413f/android-json-0.0.20131108.vaadin1.jar!/org/json/JSONObject.class

You may wish to exclude one of them to ensure predictable runtime behavior

2020-04-11 08:57:51.081  INFO 94046 --- [    Test worker] c.b.boosystem.BoosystemApplicationTests  : Starting BoosystemApplicationTests on MacBook-Pro.local with PID 94046 (started by xxf in /Users/xxf/Documents/java-workspace/boosystem)
2020-04-11 08:57:51.081  INFO 94046 --- [    Test worker] c.b.boosystem.BoosystemApplicationTests  : The following profiles are active: prod
2020-04-11 08:57:52.133  INFO 94046 --- [    Test worker] .s.d.r.c.RepositoryConfigurationDelegate : Multiple Spring Data modules found, entering strict repository configuration mode!
2020-04-11 08:57:52.135  INFO 94046 --- [    Test worker] .s.d.r.c.RepositoryConfigurationDelegate : Bootstrapping Spring Data JPA repositories in DEFAULT mode.
2020-04-11 08:57:52.352  INFO 94046 --- [    Test worker] .s.d.r.c.RepositoryConfigurationDelegate : Finished Spring Data repository scanning in 208ms. Found 6 JPA repository interfaces.
2020-04-11 08:57:52.371  INFO 94046 --- [    Test worker] .s.d.r.c.RepositoryConfigurationDelegate : Multiple Spring Data modules found, entering strict repository configuration mode!
2020-04-11 08:57:52.373  INFO 94046 --- [    Test worker] .s.d.r.c.RepositoryConfigurationDelegate : Bootstrapping Spring Data Redis repositories in DEFAULT mode.
2020-04-11 08:57:52.396  INFO 94046 --- [    Test worker] .RepositoryConfigurationExtensionSupport : Spring Data Redis - Could not safely identify store assignment for repository candidate interface com.bookindle.boosystem.repository.member.UserRepository. If you want this repository to be a Redis repository, consider annotating your entities with one of these annotations: org.springframework.data.redis.core.RedisHash (preferred), or consider extending one of the following types with your repository: org.springframework.data.keyvalue.repository.KeyValueRepository.
2020-04-11 08:57:52.397  INFO 94046 --- [    Test worker] .RepositoryConfigurationExtensionSupport : Spring Data Redis - Could not safely identify store assignment for repository candidate interface com.bookindle.boosystem.repository.member.UserRoleRepository. If you want this repository to be a Redis repository, consider annotating your entities with one of these annotations: org.springframework.data.redis.core.RedisHash (preferred), or consider extending one of the following types with your repository: org.springframework.data.keyvalue.repository.KeyValueRepository.
2020-04-11 08:57:52.398  INFO 94046 --- [    Test worker] .RepositoryConfigurationExtensionSupport : Spring Data Redis - Could not safely identify store assignment for repository candidate interface com.bookindle.boosystem.repository.weather.CityListRepostory. If you want this repository to be a Redis repository, consider annotating your entities with one of these annotations: org.springframework.data.redis.core.RedisHash (preferred), or consider extending one of the following types with your repository: org.springframework.data.keyvalue.repository.KeyValueRepository.
2020-04-11 08:57:52.399  INFO 94046 --- [    Test worker] .RepositoryConfigurationExtensionSupport : Spring Data Redis - Could not safely identify store assignment for repository candidate interface com.bookindle.boosystem.repository.weather.CityRepostory. If you want this repository to be a Redis repository, consider annotating your entities with one of these annotations: org.springframework.data.redis.core.RedisHash (preferred), or consider extending one of the following types with your repository: org.springframework.data.keyvalue.repository.KeyValueRepository.
2020-04-11 08:57:52.401  INFO 94046 --- [    Test worker] .RepositoryConfigurationExtensionSupport : Spring Data Redis - Could not safely identify store assignment for repository candidate interface com.bookindle.boosystem.repository.weather.WeatherRepostory. If you want this repository to be a Redis repository, consider annotating your entities with one of these annotations: org.springframework.data.redis.core.RedisHash (preferred), or consider extending one of the following types with your repository: org.springframework.data.keyvalue.repository.KeyValueRepository.
2020-04-11 08:57:52.402  INFO 94046 --- [    Test worker] .RepositoryConfigurationExtensionSupport : Spring Data Redis - Could not safely identify store assignment for repository candidate interface com.bookindle.boosystem.repository.weather.WordsToMmRepostory. If you want this repository to be a Redis repository, consider annotating your entities with one of these annotations: org.springframework.data.redis.core.RedisHash (preferred), or consider extending one of the following types with your repository: org.springframework.data.keyvalue.repository.KeyValueRepository.
2020-04-11 08:57:52.402  INFO 94046 --- [    Test worker] .s.d.r.c.RepositoryConfigurationDelegate : Finished Spring Data repository scanning in 21ms. Found 0 Redis repository interfaces.
2020-04-11 08:57:53.163  INFO 94046 --- [    Test worker] trationDelegate$BeanPostProcessorChecker : Bean 'redisConfig' of type [com.bookindle.boosystem.config.RedisConfig$$EnhancerBySpringCGLIB$$b83edc77] is not eligible for getting processed by all BeanPostProcessors (for example: not eligible for auto-proxying)
2020-04-11 08:57:53.246  INFO 94046 --- [    Test worker] trationDelegate$BeanPostProcessorChecker : Bean 'org.springframework.security.config.annotation.configuration.ObjectPostProcessorConfiguration' of type [org.springframework.security.config.annotation.configuration.ObjectPostProcessorConfiguration] is not eligible for getting processed by all BeanPostProcessors (for example: not eligible for auto-proxying)
2020-04-11 08:57:53.261  INFO 94046 --- [    Test worker] trationDelegate$BeanPostProcessorChecker : Bean 'objectPostProcessor' of type [org.springframework.security.config.annotation.configuration.AutowireBeanFactoryObjectPostProcessor] is not eligible for getting processed by all BeanPostProcessors (for example: not eligible for auto-proxying)
2020-04-11 08:57:53.265  INFO 94046 --- [    Test worker] trationDelegate$BeanPostProcessorChecker : Bean 'org.springframework.security.access.expression.method.DefaultMethodSecurityExpressionHandler@2eb43314' of type [org.springframework.security.access.expression.method.DefaultMethodSecurityExpressionHandler] is not eligible for getting processed by all BeanPostProcessors (for example: not eligible for auto-proxying)
2020-04-11 08:57:53.275  INFO 94046 --- [    Test worker] trationDelegate$BeanPostProcessorChecker : Bean 'org.springframework.security.config.annotation.method.configuration.GlobalMethodSecurityConfiguration' of type [org.springframework.security.config.annotation.method.configuration.GlobalMethodSecurityConfiguration] is not eligible for getting processed by all BeanPostProcessors (for example: not eligible for auto-proxying)
2020-04-11 08:57:53.287  INFO 94046 --- [    Test worker] trationDelegate$BeanPostProcessorChecker : Bean 'methodSecurityMetadataSource' of type [org.springframework.security.access.method.DelegatingMethodSecurityMetadataSource] is not eligible for getting processed by all BeanPostProcessors (for example: not eligible for auto-proxying)
2020-04-11 08:57:53.681  INFO 94046 --- [    Test worker] o.hibernate.jpa.internal.util.LogHelper  : HHH000204: Processing PersistenceUnitInfo [name: default]
2020-04-11 08:57:53.760  INFO 94046 --- [    Test worker] org.hibernate.Version                    : HHH000412: Hibernate ORM core version 5.4.12.Final
2020-04-11 08:57:53.929  INFO 94046 --- [    Test worker] o.hibernate.annotations.common.Version   : HCANN000001: Hibernate Commons Annotations {5.1.0.Final}
2020-04-11 08:57:54.076  INFO 94046 --- [    Test worker] com.zaxxer.hikari.HikariDataSource       : HikariPool-1 - Starting...
2020-04-11 08:57:54.262  INFO 94046 --- [    Test worker] com.zaxxer.hikari.HikariDataSource       : HikariPool-1 - Start completed.
2020-04-11 08:57:54.288  INFO 94046 --- [    Test worker] org.hibernate.dialect.Dialect            : HHH000400: Using dialect: org.hibernate.dialect.MySQL8Dialect
2020-04-11 08:57:55.500  INFO 94046 --- [    Test worker] o.h.e.t.j.p.i.JtaPlatformInitiator       : HHH000490: Using JtaPlatform implementation: [org.hibernate.engine.transaction.jta.platform.internal.NoJtaPlatform]
2020-04-11 08:57:55.511  INFO 94046 --- [    Test worker] j.LocalContainerEntityManagerFactoryBean : Initialized JPA EntityManagerFactory for persistence unit 'default'
2020-04-11 08:57:55.610  WARN 94046 --- [    Test worker] JpaBaseConfiguration$JpaWebConfiguration : spring.jpa.open-in-view is enabled by default. Therefore, database queries may be performed during view rendering. Explicitly configure spring.jpa.open-in-view to disable this warning
2020-04-11 08:57:57.607  INFO 94046 --- [    Test worker] c.b.b.module.Schedule.CityListener       : 开始执行启动任务,{获取城市列表并写入数据库及缓存}1586566677607
请求城市列表成功
2020-04-11 08:58:04.934  INFO 94046 --- [    Test worker] c.b.b.module.Schedule.CityListener       : 执行启动任务结束,共花费时间{}-7327
2020-04-11 08:58:05.374  INFO 94046 --- [    Test worker] o.s.b.a.w.s.WelcomePageHandlerMapping    : Adding welcome page: class path resource [static/index.html]
2020-04-11 08:58:05.602  INFO 94046 --- [    Test worker] o.s.s.web.DefaultSecurityFilterChain     : Creating filter chain: Ant [pattern='/restful/**'], [org.springframework.security.web.context.request.async.WebAsyncManagerIntegrationFilter@71af716c, org.springframework.security.web.context.SecurityContextPersistenceFilter@761a547f, org.springframework.security.web.header.HeaderWriterFilter@227f86e2, org.springframework.web.filter.CorsFilter@766f7b82, org.springframework.security.web.csrf.CsrfFilter@296464c2, org.springframework.security.web.authentication.logout.LogoutFilter@764300c0, org.springframework.security.web.authentication.UsernamePasswordAuthenticationFilter@a478099, com.bookindle.boosystem.module.filter.JWTAuthorizationFilter@5085f55f, org.springframework.security.web.savedrequest.RequestCacheAwareFilter@17c7cc63, org.springframework.security.web.servletapi.SecurityContextHolderAwareRequestFilter@7f0b2878, org.springframework.security.web.authentication.AnonymousAuthenticationFilter@21e604, org.springframework.security.web.session.SessionManagementFilter@f591aa8, org.springframework.security.web.access.ExceptionTranslationFilter@7dda5b39, org.springframework.security.web.access.intercept.FilterSecurityInterceptor@1d743c70]
2020-04-11 08:58:05.921  INFO 94046 --- [    Test worker] o.s.s.concurrent.ThreadPoolTaskExecutor  : Initializing ExecutorService 'applicationTaskExecutor'
2020-04-11 08:58:06.558  INFO 94046 --- [    Test worker] o.s.s.c.ThreadPoolTaskScheduler          : Initializing ExecutorService 'taskScheduler'
2020-04-11 08:58:06.703  INFO 94046 --- [    Test worker] o.s.a.r.c.CachingConnectionFactory       : Attempting to connect to: [localhost:5672]
2020-04-11 08:58:06.797  INFO 94046 --- [    Test worker] o.s.a.r.c.CachingConnectionFactory       : Created new connection: rabbitConnectionFactory#6c49dd35:0/SimpleConnection@7962450e [delegate=amqp://guest@127.0.0.1:5672/, localPort= 59644]
2020-04-11 08:58:06.909  INFO 94046 --- [    Test worker] c.b.boosystem.BoosystemApplicationTests  : Started BoosystemApplicationTests in 16.484 seconds (JVM running for 17.895)
]]></system-out>
  <system-err><![CDATA[]]></system-err>
</testsuite>
