<?xml version="1.0" encoding="UTF-8"?>
<testsuite name="com.bookindle.boosystem.controller.indexTest" tests="1" skipped="0" failures="0" errors="0" timestamp="2020-03-05T09:56:37" hostname="MacBook-Pro.local" time="0.773">
  <properties/>
  <testcase name="homePage" classname="com.bookindle.boosystem.controller.indexTest" time="0.773"/>
  <system-out><![CDATA[17:56:33.148 [Test worker] DEBUG org.springframework.test.annotation.ProfileValueUtils - Retrieved @ProfileValueSourceConfiguration [null] for test class [com.bookindle.boosystem.controller.indexTest]
17:56:33.148 [Test worker] DEBUG org.springframework.test.annotation.ProfileValueUtils - Retrieved ProfileValueSource type [class org.springframework.test.annotation.SystemProfileValueSource] for class [com.bookindle.boosystem.controller.indexTest]
17:56:33.149 [Test worker] DEBUG org.springframework.test.annotation.ProfileValueUtils - Retrieved @ProfileValueSourceConfiguration [null] for test class [com.bookindle.boosystem.controller.indexTest]
17:56:33.149 [Test worker] DEBUG org.springframework.test.annotation.ProfileValueUtils - Retrieved ProfileValueSource type [class org.springframework.test.annotation.SystemProfileValueSource] for class [com.bookindle.boosystem.controller.indexTest]
17:56:33.153 [Test worker] DEBUG org.springframework.test.context.support.AbstractDirtiesContextTestExecutionListener - Before test class: context [DefaultTestContext@136fa498 testClass = indexTest, testInstance = [null], testMethod = [null], testException = [null], mergedContextConfiguration = [WebMergedContextConfiguration@28fd45f3 testClass = indexTest, locations = '{}', classes = '{class com.bookindle.boosystem.BoosystemApplication}', contextInitializerClasses = '[]', activeProfiles = '{}', propertySourceLocations = '{}', propertySourceProperties = '{org.springframework.boot.test.context.SpringBootTestContextBootstrapper=true}', contextCustomizers = set[org.springframework.boot.test.autoconfigure.properties.PropertyMappingContextCustomizer@0, org.springframework.boot.test.autoconfigure.web.servlet.WebDriverContextCustomizerFactory$Customizer@503c568f, org.springframework.boot.test.context.filter.ExcludeFilterContextCustomizer@1934ca7f, org.springframework.boot.test.json.DuplicateJsonObjectContextCustomizerFactory$DuplicateJsonObjectContextCustomizer@6b2d3f1, org.springframework.boot.test.mock.mockito.MockitoContextCustomizer@0, org.springframework.boot.test.web.client.TestRestTemplateContextCustomizer@74f3afc5, org.springframework.test.context.web.socket.MockServerContainerContextCustomizer@581a147d], resourceBasePath = 'src/main/webapp', contextLoader = 'org.springframework.boot.test.context.SpringBootContextLoader', parent = [null]], attributes = map['org.springframework.test.context.web.ServletTestExecutionListener.activateListener' -> true]], class annotated with @DirtiesContext [false] with mode [null].
17:56:33.155 [Test worker] DEBUG org.springframework.test.annotation.ProfileValueUtils - Retrieved @ProfileValueSourceConfiguration [null] for test class [com.bookindle.boosystem.controller.indexTest]
17:56:33.155 [Test worker] DEBUG org.springframework.test.annotation.ProfileValueUtils - Retrieved ProfileValueSource type [class org.springframework.test.annotation.SystemProfileValueSource] for class [com.bookindle.boosystem.controller.indexTest]
17:56:33.181 [Test worker] DEBUG org.springframework.test.context.support.TestPropertySourceUtils - Adding inlined properties to environment: {spring.jmx.enabled=false, org.springframework.boot.test.context.SpringBootTestContextBootstrapper=true, server.port=-1}

  .   ____          _            __ _ _
 /\\ / ___'_ __ _ _(_)_ __  __ _ \ \ \ \
( ( )\___ | '_ | '_| | '_ \/ _` | \ \ \ \
 \\/  ___)| |_)| | | | | || (_| |  ) ) ) )
  '  |____| .__|_| |_|_| |_\__, | / / / /
 =========|_|==============|___/=/_/_/_/
 :: Spring Boot ::        (v2.2.5.RELEASE)

2020-03-05 17:56:33.653  INFO 66196 --- [    Test worker] c.b.boosystem.controller.indexTest       : Starting indexTest on MacBook-Pro.local with PID 66196 (started by xxf in /Users/xxf/Documents/java-workspace/boosystem)
2020-03-05 17:56:33.654  INFO 66196 --- [    Test worker] c.b.boosystem.controller.indexTest       : No active profile set, falling back to default profiles: default
2020-03-05 17:56:34.327  INFO 66196 --- [    Test worker] .s.d.r.c.RepositoryConfigurationDelegate : Bootstrapping Spring Data JPA repositories in DEFAULT mode.
2020-03-05 17:56:34.414  INFO 66196 --- [    Test worker] .s.d.r.c.RepositoryConfigurationDelegate : Finished Spring Data repository scanning in 77ms. Found 3 JPA repository interfaces.
2020-03-05 17:56:35.114  INFO 66196 --- [    Test worker] o.hibernate.jpa.internal.util.LogHelper  : HHH000204: Processing PersistenceUnitInfo [name: default]
2020-03-05 17:56:35.215  INFO 66196 --- [    Test worker] org.hibernate.Version                    : HHH000412: Hibernate ORM core version 5.4.12.Final
2020-03-05 17:56:35.418  INFO 66196 --- [    Test worker] o.hibernate.annotations.common.Version   : HCANN000001: Hibernate Commons Annotations {5.1.0.Final}
2020-03-05 17:56:35.555  INFO 66196 --- [    Test worker] com.zaxxer.hikari.HikariDataSource       : HikariPool-1 - Starting...
2020-03-05 17:56:35.746  INFO 66196 --- [    Test worker] com.zaxxer.hikari.HikariDataSource       : HikariPool-1 - Start completed.
2020-03-05 17:56:35.778  INFO 66196 --- [    Test worker] org.hibernate.dialect.Dialect            : HHH000400: Using dialect: org.hibernate.dialect.MySQL8Dialect
Hibernate: create table author (id bigint not null auto_increment, author varchar(10) not null, primary key (id)) engine=InnoDB
Hibernate: create table book (id bigint not null auto_increment, banding varchar(50), image varchar(200), isbn13 varchar(255) not null, origin_title varchar(50), pubdata varchar(255), summary longtext not null, title varchar(255) not null, translator varchar(50), author_id bigint, publisher_id bigint, primary key (id)) engine=InnoDB
Hibernate: create table publisher (id bigint not null auto_increment, publisher varchar(50) not null, primary key (id)) engine=InnoDB
Hibernate: alter table book add constraint FKklnrv3weler2ftkweewlky958 foreign key (author_id) references author (id)
Hibernate: alter table book add constraint FKgtvt7p649s4x80y6f4842pnfq foreign key (publisher_id) references publisher (id)
2020-03-05 17:56:36.675  INFO 66196 --- [    Test worker] o.h.e.t.j.p.i.JtaPlatformInitiator       : HHH000490: Using JtaPlatform implementation: [org.hibernate.engine.transaction.jta.platform.internal.NoJtaPlatform]
2020-03-05 17:56:36.683  INFO 66196 --- [    Test worker] j.LocalContainerEntityManagerFactoryBean : Initialized JPA EntityManagerFactory for persistence unit 'default'
2020-03-05 17:56:37.225  WARN 66196 --- [    Test worker] JpaBaseConfiguration$JpaWebConfiguration : spring.jpa.open-in-view is enabled by default. Therefore, database queries may be performed during view rendering. Explicitly configure spring.jpa.open-in-view to disable this warning
2020-03-05 17:56:37.433  INFO 66196 --- [    Test worker] o.s.s.concurrent.ThreadPoolTaskExecutor  : Initializing ExecutorService 'applicationTaskExecutor'
2020-03-05 17:56:37.531  INFO 66196 --- [    Test worker] o.s.b.a.w.s.WelcomePageHandlerMapping    : Adding welcome page template: index
2020-03-05 17:56:37.811  INFO 66196 --- [    Test worker] c.b.boosystem.controller.indexTest       : Started indexTest in 4.619 seconds (JVM running for 5.872)
2020-03-05 17:56:38.002  INFO 66196 --- [    Test worker] o.s.b.t.m.w.SpringBootMockServletContext : Initializing Spring TestDispatcherServlet ''
2020-03-05 17:56:38.002  INFO 66196 --- [    Test worker] o.s.t.web.servlet.TestDispatcherServlet  : Initializing Servlet ''
2020-03-05 17:56:38.012  INFO 66196 --- [    Test worker] o.s.t.web.servlet.TestDispatcherServlet  : Completed initialization in 10 ms
Hibernate: select book0_.id as id1_1_, book0_.author_id as author_10_1_, book0_.banding as banding2_1_, book0_.image as image3_1_, book0_.isbn13 as isbn4_1_, book0_.origin_title as origin_t5_1_, book0_.pubdata as pubdata6_1_, book0_.publisher_id as publish11_1_, book0_.summary as summary7_1_, book0_.title as title8_1_, book0_.translator as translat9_1_ from book book0_
]]></system-out>
  <system-err><![CDATA[]]></system-err>
</testsuite>
