<?xml version="1.0" encoding="UTF-8"?>
<testsuite name="com.bookindle.boosystem.BoosystemApplicationTests" tests="1" skipped="0" failures="0" errors="0" timestamp="2020-03-31T09:33:59" hostname="MacBook-Pro.local" time="0.227">
  <properties/>
  <testcase name="contextLoads()" classname="com.bookindle.boosystem.BoosystemApplicationTests" time="0.227"/>
  <system-out><![CDATA[17:33:48.427 [Test worker] DEBUG org.springframework.test.context.BootstrapUtils - Instantiating CacheAwareContextLoaderDelegate from class [org.springframework.test.context.cache.DefaultCacheAwareContextLoaderDelegate]
17:33:48.454 [Test worker] DEBUG org.springframework.test.context.BootstrapUtils - Instantiating BootstrapContext using constructor [public org.springframework.test.context.support.DefaultBootstrapContext(java.lang.Class,org.springframework.test.context.CacheAwareContextLoaderDelegate)]
17:33:48.517 [Test worker] DEBUG org.springframework.test.context.BootstrapUtils - Instantiating TestContextBootstrapper for test class [com.bookindle.boosystem.BoosystemApplicationTests] from class [org.springframework.boot.test.context.SpringBootTestContextBootstrapper]
17:33:48.546 [Test worker] INFO org.springframework.boot.test.context.SpringBootTestContextBootstrapper - Neither @ContextConfiguration nor @ContextHierarchy found for test class [com.bookindle.boosystem.BoosystemApplicationTests], using SpringBootContextLoader
17:33:48.552 [Test worker] DEBUG org.springframework.test.context.support.AbstractContextLoader - Did not detect default resource location for test class [com.bookindle.boosystem.BoosystemApplicationTests]: class path resource [com/bookindle/boosystem/BoosystemApplicationTests-context.xml] does not exist
17:33:48.554 [Test worker] DEBUG org.springframework.test.context.support.AbstractContextLoader - Did not detect default resource location for test class [com.bookindle.boosystem.BoosystemApplicationTests]: class path resource [com/bookindle/boosystem/BoosystemApplicationTestsContext.groovy] does not exist
17:33:48.555 [Test worker] INFO org.springframework.test.context.support.AbstractContextLoader - Could not detect default resource locations for test class [com.bookindle.boosystem.BoosystemApplicationTests]: no resource found for suffixes {-context.xml, Context.groovy}.
17:33:48.557 [Test worker] INFO org.springframework.test.context.support.AnnotationConfigContextLoaderUtils - Could not detect default configuration classes for test class [com.bookindle.boosystem.BoosystemApplicationTests]: BoosystemApplicationTests does not declare any static, non-private, non-final, nested classes annotated with @Configuration.
17:33:48.618 [Test worker] DEBUG org.springframework.test.context.support.ActiveProfilesUtils - Could not find an 'annotation declaring class' for annotation type [org.springframework.test.context.ActiveProfiles] and class [com.bookindle.boosystem.BoosystemApplicationTests]
17:33:48.703 [Test worker] DEBUG org.springframework.context.annotation.ClassPathScanningCandidateComponentProvider - Identified candidate component class: file [/Users/xxf/Documents/java-workspace/boosystem/build/classes/java/main/com/bookindle/boosystem/BoosystemApplication.class]
17:33:48.705 [Test worker] INFO org.springframework.boot.test.context.SpringBootTestContextBootstrapper - Found @SpringBootConfiguration com.bookindle.boosystem.BoosystemApplication for test class com.bookindle.boosystem.BoosystemApplicationTests
17:33:48.851 [Test worker] DEBUG org.springframework.boot.test.context.SpringBootTestContextBootstrapper - @TestExecutionListeners is not present for class [com.bookindle.boosystem.BoosystemApplicationTests]: using defaults.
17:33:48.853 [Test worker] INFO org.springframework.boot.test.context.SpringBootTestContextBootstrapper - Loaded default TestExecutionListener class names from location [META-INF/spring.factories]: [org.springframework.security.test.context.support.WithSecurityContextTestExecutionListener, org.springframework.security.test.context.support.ReactorContextTestExecutionListener, org.springframework.boot.test.autoconfigure.restdocs.RestDocsTestExecutionListener, org.springframework.boot.test.autoconfigure.web.client.MockRestServiceServerResetTestExecutionListener, org.springframework.boot.test.autoconfigure.web.servlet.MockMvcPrintOnlyOnFailureTestExecutionListener, org.springframework.boot.test.autoconfigure.web.servlet.WebDriverTestExecutionListener, org.springframework.boot.test.mock.mockito.MockitoTestExecutionListener, org.springframework.boot.test.mock.mockito.ResetMocksTestExecutionListener, org.springframework.test.context.web.ServletTestExecutionListener, org.springframework.test.context.support.DirtiesContextBeforeModesTestExecutionListener, org.springframework.test.context.support.DependencyInjectionTestExecutionListener, org.springframework.test.context.support.DirtiesContextTestExecutionListener, org.springframework.test.context.transaction.TransactionalTestExecutionListener, org.springframework.test.context.jdbc.SqlScriptsTestExecutionListener, org.springframework.test.context.event.EventPublishingTestExecutionListener]
17:33:48.878 [Test worker] INFO org.springframework.boot.test.context.SpringBootTestContextBootstrapper - Using TestExecutionListeners: [org.springframework.test.context.web.ServletTestExecutionListener@2568b6ad, org.springframework.test.context.support.DirtiesContextBeforeModesTestExecutionListener@5b769667, org.springframework.boot.test.mock.mockito.MockitoTestExecutionListener@55c8ac5b, org.springframework.boot.test.autoconfigure.SpringBootDependencyInjectionTestExecutionListener@719946ac, org.springframework.test.context.support.DirtiesContextTestExecutionListener@11a45bec, org.springframework.test.context.transaction.TransactionalTestExecutionListener@7e0e3211, org.springframework.test.context.jdbc.SqlScriptsTestExecutionListener@6e34e3ff, org.springframework.security.test.context.support.WithSecurityContextTestExecutionListener@55a374b3, org.springframework.test.context.event.EventPublishingTestExecutionListener@66eb2ed0, org.springframework.security.test.context.support.ReactorContextTestExecutionListener@697a16a6, org.springframework.boot.test.autoconfigure.restdocs.RestDocsTestExecutionListener@20183b6d, org.springframework.boot.test.autoconfigure.web.client.MockRestServiceServerResetTestExecutionListener@6ed0c531, org.springframework.boot.test.autoconfigure.web.servlet.MockMvcPrintOnlyOnFailureTestExecutionListener@51f2fb95, org.springframework.boot.test.autoconfigure.web.servlet.WebDriverTestExecutionListener@6804082b, org.springframework.boot.test.mock.mockito.ResetMocksTestExecutionListener@9a68515]
17:33:48.882 [Test worker] DEBUG org.springframework.test.context.support.AbstractDirtiesContextTestExecutionListener - Before test class: context [DefaultTestContext@39f56ef1 testClass = BoosystemApplicationTests, testInstance = [null], testMethod = [null], testException = [null], mergedContextConfiguration = [WebMergedContextConfiguration@7ba1231 testClass = BoosystemApplicationTests, locations = '{}', classes = '{class com.bookindle.boosystem.BoosystemApplication}', contextInitializerClasses = '[]', activeProfiles = '{}', propertySourceLocations = '{}', propertySourceProperties = '{org.springframework.boot.test.context.SpringBootTestContextBootstrapper=true}', contextCustomizers = set[org.springframework.boot.test.autoconfigure.properties.PropertyMappingContextCustomizer@0, org.springframework.boot.test.autoconfigure.web.servlet.WebDriverContextCustomizerFactory$Customizer@23112014, org.springframework.boot.test.context.filter.ExcludeFilterContextCustomizer@2a5bb747, org.springframework.boot.test.json.DuplicateJsonObjectContextCustomizerFactory$DuplicateJsonObjectContextCustomizer@1525f9a4, org.springframework.boot.test.mock.mockito.MockitoContextCustomizer@0, org.springframework.boot.test.web.client.TestRestTemplateContextCustomizer@3337e069], resourceBasePath = 'src/main/webapp', contextLoader = 'org.springframework.boot.test.context.SpringBootContextLoader', parent = [null]], attributes = map['org.springframework.test.context.web.ServletTestExecutionListener.activateListener' -> true]], class annotated with @DirtiesContext [false] with mode [null].
17:33:48.920 [Test worker] DEBUG org.springframework.test.context.support.TestPropertySourceUtils - Adding inlined properties to environment: {spring.jmx.enabled=false, org.springframework.boot.test.context.SpringBootTestContextBootstrapper=true, server.port=-1}

  .   ____          _            __ _ _
 /\\ / ___'_ __ _ _(_)_ __  __ _ \ \ \ \
( ( )\___ | '_ | '_| | '_ \/ _` | \ \ \ \
 \\/  ___)| |_)| | | | | || (_| |  ) ) ) )
  '  |____| .__|_| |_|_| |_\__, | / / / /
 =========|_|==============|___/=/_/_/_/
 :: Spring Boot ::        (v2.2.5.RELEASE)

2020-03-31 17:33:49.493  WARN 30053 --- [    Test worker] ory$DuplicateJsonObjectContextCustomizer : 

Found multiple occurrences of org.json.JSONObject on the class path:

	jar:file:/Users/xxf/.gradle/caches/modules-2/files-2.1/org.json/json/20160212/a742e3f85161835b95877478c5dd5b405cefaab9/json-20160212.jar!/org/json/JSONObject.class
	jar:file:/Users/xxf/.gradle/caches/modules-2/files-2.1/com.vaadin.external.google/android-json/0.0.20131108.vaadin1/fa26d351fe62a6a17f5cda1287c1c6110dec413f/android-json-0.0.20131108.vaadin1.jar!/org/json/JSONObject.class

You may wish to exclude one of them to ensure predictable runtime behavior

2020-03-31 17:33:49.518  INFO 30053 --- [    Test worker] c.b.boosystem.BoosystemApplicationTests  : Starting BoosystemApplicationTests on MacBook-Pro.local with PID 30053 (started by xxf in /Users/xxf/Documents/java-workspace/boosystem)
2020-03-31 17:33:49.519  INFO 30053 --- [    Test worker] c.b.boosystem.BoosystemApplicationTests  : The following profiles are active: prod
2020-03-31 17:33:50.372  INFO 30053 --- [    Test worker] .s.d.r.c.RepositoryConfigurationDelegate : Multiple Spring Data modules found, entering strict repository configuration mode!
2020-03-31 17:33:50.373  INFO 30053 --- [    Test worker] .s.d.r.c.RepositoryConfigurationDelegate : Bootstrapping Spring Data JPA repositories in DEFAULT mode.
2020-03-31 17:33:50.706  INFO 30053 --- [    Test worker] .s.d.r.c.RepositoryConfigurationDelegate : Finished Spring Data repository scanning in 325ms. Found 5 JPA repository interfaces.
2020-03-31 17:33:50.759  INFO 30053 --- [    Test worker] .s.d.r.c.RepositoryConfigurationDelegate : Multiple Spring Data modules found, entering strict repository configuration mode!
2020-03-31 17:33:50.763  INFO 30053 --- [    Test worker] .s.d.r.c.RepositoryConfigurationDelegate : Bootstrapping Spring Data Redis repositories in DEFAULT mode.
2020-03-31 17:33:50.810  INFO 30053 --- [    Test worker] .RepositoryConfigurationExtensionSupport : Spring Data Redis - Could not safely identify store assignment for repository candidate interface com.bookindle.boosystem.repository.book.BookRepostory. If you want this repository to be a Redis repository, consider annotating your entities with one of these annotations: org.springframework.data.redis.core.RedisHash (preferred), or consider extending one of the following types with your repository: org.springframework.data.keyvalue.repository.KeyValueRepository.
2020-03-31 17:33:50.822  INFO 30053 --- [    Test worker] .RepositoryConfigurationExtensionSupport : Spring Data Redis - Could not safely identify store assignment for repository candidate interface com.bookindle.boosystem.repository.member.UserRepository. If you want this repository to be a Redis repository, consider annotating your entities with one of these annotations: org.springframework.data.redis.core.RedisHash (preferred), or consider extending one of the following types with your repository: org.springframework.data.keyvalue.repository.KeyValueRepository.
2020-03-31 17:33:50.824  INFO 30053 --- [    Test worker] .RepositoryConfigurationExtensionSupport : Spring Data Redis - Could not safely identify store assignment for repository candidate interface com.bookindle.boosystem.repository.member.UserRoleRepository. If you want this repository to be a Redis repository, consider annotating your entities with one of these annotations: org.springframework.data.redis.core.RedisHash (preferred), or consider extending one of the following types with your repository: org.springframework.data.keyvalue.repository.KeyValueRepository.
2020-03-31 17:33:50.825  INFO 30053 --- [    Test worker] .RepositoryConfigurationExtensionSupport : Spring Data Redis - Could not safely identify store assignment for repository candidate interface com.bookindle.boosystem.repository.weather.CityRepostory. If you want this repository to be a Redis repository, consider annotating your entities with one of these annotations: org.springframework.data.redis.core.RedisHash (preferred), or consider extending one of the following types with your repository: org.springframework.data.keyvalue.repository.KeyValueRepository.
2020-03-31 17:33:50.826  INFO 30053 --- [    Test worker] .RepositoryConfigurationExtensionSupport : Spring Data Redis - Could not safely identify store assignment for repository candidate interface com.bookindle.boosystem.repository.weather.WeatherRepostory. If you want this repository to be a Redis repository, consider annotating your entities with one of these annotations: org.springframework.data.redis.core.RedisHash (preferred), or consider extending one of the following types with your repository: org.springframework.data.keyvalue.repository.KeyValueRepository.
2020-03-31 17:33:50.827  INFO 30053 --- [    Test worker] .s.d.r.c.RepositoryConfigurationDelegate : Finished Spring Data repository scanning in 39ms. Found 0 Redis repository interfaces.
2020-03-31 17:33:51.969  INFO 30053 --- [    Test worker] trationDelegate$BeanPostProcessorChecker : Bean 'redisConfig' of type [com.bookindle.boosystem.config.RedisConfig$$EnhancerBySpringCGLIB$$7d0c9393] is not eligible for getting processed by all BeanPostProcessors (for example: not eligible for auto-proxying)
2020-03-31 17:33:52.072  INFO 30053 --- [    Test worker] trationDelegate$BeanPostProcessorChecker : Bean 'org.springframework.security.config.annotation.configuration.ObjectPostProcessorConfiguration' of type [org.springframework.security.config.annotation.configuration.ObjectPostProcessorConfiguration] is not eligible for getting processed by all BeanPostProcessors (for example: not eligible for auto-proxying)
2020-03-31 17:33:52.093  INFO 30053 --- [    Test worker] trationDelegate$BeanPostProcessorChecker : Bean 'objectPostProcessor' of type [org.springframework.security.config.annotation.configuration.AutowireBeanFactoryObjectPostProcessor] is not eligible for getting processed by all BeanPostProcessors (for example: not eligible for auto-proxying)
2020-03-31 17:33:52.098  INFO 30053 --- [    Test worker] trationDelegate$BeanPostProcessorChecker : Bean 'org.springframework.security.access.expression.method.DefaultMethodSecurityExpressionHandler@541119cf' of type [org.springframework.security.access.expression.method.DefaultMethodSecurityExpressionHandler] is not eligible for getting processed by all BeanPostProcessors (for example: not eligible for auto-proxying)
2020-03-31 17:33:52.117  INFO 30053 --- [    Test worker] trationDelegate$BeanPostProcessorChecker : Bean 'org.springframework.security.config.annotation.method.configuration.GlobalMethodSecurityConfiguration' of type [org.springframework.security.config.annotation.method.configuration.GlobalMethodSecurityConfiguration] is not eligible for getting processed by all BeanPostProcessors (for example: not eligible for auto-proxying)
2020-03-31 17:33:52.132  INFO 30053 --- [    Test worker] trationDelegate$BeanPostProcessorChecker : Bean 'methodSecurityMetadataSource' of type [org.springframework.security.access.method.DelegatingMethodSecurityMetadataSource] is not eligible for getting processed by all BeanPostProcessors (for example: not eligible for auto-proxying)
2020-03-31 17:33:52.644  INFO 30053 --- [    Test worker] o.hibernate.jpa.internal.util.LogHelper  : HHH000204: Processing PersistenceUnitInfo [name: default]
2020-03-31 17:33:52.750  INFO 30053 --- [    Test worker] org.hibernate.Version                    : HHH000412: Hibernate ORM core version 5.4.12.Final
2020-03-31 17:33:52.918  INFO 30053 --- [    Test worker] o.hibernate.annotations.common.Version   : HCANN000001: Hibernate Commons Annotations {5.1.0.Final}
2020-03-31 17:33:53.041  INFO 30053 --- [    Test worker] com.zaxxer.hikari.HikariDataSource       : HikariPool-1 - Starting...
2020-03-31 17:33:53.279  INFO 30053 --- [    Test worker] com.zaxxer.hikari.HikariDataSource       : HikariPool-1 - Start completed.
2020-03-31 17:33:53.301  INFO 30053 --- [    Test worker] org.hibernate.dialect.Dialect            : HHH000400: Using dialect: org.hibernate.dialect.MySQL8Dialect
2020-03-31 17:33:54.866  INFO 30053 --- [    Test worker] o.h.t.schema.internal.SchemaCreatorImpl  : HHH000476: Executing import script 'file:/Users/xxf/Documents/java-workspace/boosystem/build/resources/main/import.sql'
2020-03-31 17:33:54.875  INFO 30053 --- [    Test worker] o.h.e.t.j.p.i.JtaPlatformInitiator       : HHH000490: Using JtaPlatform implementation: [org.hibernate.engine.transaction.jta.platform.internal.NoJtaPlatform]
2020-03-31 17:33:54.883  INFO 30053 --- [    Test worker] j.LocalContainerEntityManagerFactoryBean : Initialized JPA EntityManagerFactory for persistence unit 'default'
2020-03-31 17:33:54.971  WARN 30053 --- [    Test worker] JpaBaseConfiguration$JpaWebConfiguration : spring.jpa.open-in-view is enabled by default. Therefore, database queries may be performed during view rendering. Explicitly configure spring.jpa.open-in-view to disable this warning
2020-03-31 17:33:57.298  INFO 30053 --- [    Test worker] o.s.b.a.w.s.WelcomePageHandlerMapping    : Adding welcome page: class path resource [static/index.html]
2020-03-31 17:33:57.751  INFO 30053 --- [    Test worker] o.s.s.web.DefaultSecurityFilterChain     : Creating filter chain: Ant [pattern='/restful/**'], [org.springframework.security.web.context.request.async.WebAsyncManagerIntegrationFilter@63598baa, org.springframework.security.web.context.SecurityContextPersistenceFilter@466bf5ac, org.springframework.security.web.header.HeaderWriterFilter@753c3e56, org.springframework.web.filter.CorsFilter@1e468b8e, org.springframework.security.web.csrf.CsrfFilter@2f4e4fb0, org.springframework.security.web.authentication.logout.LogoutFilter@1401272d, org.springframework.security.web.authentication.UsernamePasswordAuthenticationFilter@50ee6183, com.bookindle.boosystem.module.filter.JWTAuthorizationFilter@3a0132fb, org.springframework.security.web.savedrequest.RequestCacheAwareFilter@233d3343, org.springframework.security.web.servletapi.SecurityContextHolderAwareRequestFilter@49bb7942, org.springframework.security.web.authentication.AnonymousAuthenticationFilter@21ebce24, org.springframework.security.web.session.SessionManagementFilter@38c65265, org.springframework.security.web.access.ExceptionTranslationFilter@1ccfb421, org.springframework.security.web.access.intercept.FilterSecurityInterceptor@55ecc1a9]
2020-03-31 17:33:58.084  INFO 30053 --- [    Test worker] o.s.s.concurrent.ThreadPoolTaskExecutor  : Initializing ExecutorService 'applicationTaskExecutor'
2020-03-31 17:33:58.776  INFO 30053 --- [    Test worker] o.s.s.c.ThreadPoolTaskScheduler          : Initializing ExecutorService 'taskScheduler'
2020-03-31 17:33:58.937  INFO 30053 --- [    Test worker] o.s.a.r.c.CachingConnectionFactory       : Attempting to connect to: [localhost:5672]
2020-03-31 17:33:59.101  INFO 30053 --- [    Test worker] o.s.a.r.c.CachingConnectionFactory       : Created new connection: rabbitConnectionFactory#7177c7df:0/SimpleConnection@34e87795 [delegate=amqp://guest@127.0.0.1:5672/, localPort= 52347]
2020-03-31 17:33:59.166  INFO 30053 --- [    Test worker] c.b.boosystem.BoosystemApplicationTests  : Started BoosystemApplicationTests in 10.234 seconds (JVM running for 12.233)
]]></system-out>
  <system-err><![CDATA[]]></system-err>
</testsuite>
