<?xml version="1.0" encoding="UTF-8"?>
<testsuite name="com.bookindle.boosystem.BoosystemApplicationTests" tests="1" skipped="0" failures="0" errors="0" timestamp="2020-03-15T02:33:18" hostname="MacBook-Pro.local" time="0.22">
  <properties/>
  <testcase name="contextLoads()" classname="com.bookindle.boosystem.BoosystemApplicationTests" time="0.22"/>
  <system-out><![CDATA[10:33:13.786 [Test worker] DEBUG org.springframework.test.context.BootstrapUtils - Instantiating CacheAwareContextLoaderDelegate from class [org.springframework.test.context.cache.DefaultCacheAwareContextLoaderDelegate]
10:33:13.798 [Test worker] DEBUG org.springframework.test.context.BootstrapUtils - Instantiating BootstrapContext using constructor [public org.springframework.test.context.support.DefaultBootstrapContext(java.lang.Class,org.springframework.test.context.CacheAwareContextLoaderDelegate)]
10:33:13.836 [Test worker] DEBUG org.springframework.test.context.BootstrapUtils - Instantiating TestContextBootstrapper for test class [com.bookindle.boosystem.BoosystemApplicationTests] from class [org.springframework.boot.test.context.SpringBootTestContextBootstrapper]
10:33:13.852 [Test worker] INFO org.springframework.boot.test.context.SpringBootTestContextBootstrapper - Neither @ContextConfiguration nor @ContextHierarchy found for test class [com.bookindle.boosystem.BoosystemApplicationTests], using SpringBootContextLoader
10:33:13.856 [Test worker] DEBUG org.springframework.test.context.support.AbstractContextLoader - Did not detect default resource location for test class [com.bookindle.boosystem.BoosystemApplicationTests]: class path resource [com/bookindle/boosystem/BoosystemApplicationTests-context.xml] does not exist
10:33:13.857 [Test worker] DEBUG org.springframework.test.context.support.AbstractContextLoader - Did not detect default resource location for test class [com.bookindle.boosystem.BoosystemApplicationTests]: class path resource [com/bookindle/boosystem/BoosystemApplicationTestsContext.groovy] does not exist
10:33:13.858 [Test worker] INFO org.springframework.test.context.support.AbstractContextLoader - Could not detect default resource locations for test class [com.bookindle.boosystem.BoosystemApplicationTests]: no resource found for suffixes {-context.xml, Context.groovy}.
10:33:13.859 [Test worker] INFO org.springframework.test.context.support.AnnotationConfigContextLoaderUtils - Could not detect default configuration classes for test class [com.bookindle.boosystem.BoosystemApplicationTests]: BoosystemApplicationTests does not declare any static, non-private, non-final, nested classes annotated with @Configuration.
10:33:13.900 [Test worker] DEBUG org.springframework.test.context.support.ActiveProfilesUtils - Could not find an 'annotation declaring class' for annotation type [org.springframework.test.context.ActiveProfiles] and class [com.bookindle.boosystem.BoosystemApplicationTests]
10:33:13.953 [Test worker] DEBUG org.springframework.context.annotation.ClassPathScanningCandidateComponentProvider - Identified candidate component class: file [/Users/xxf/Documents/java-workspace/boosystem/build/classes/java/main/com/bookindle/boosystem/BoosystemApplication.class]
10:33:13.954 [Test worker] INFO org.springframework.boot.test.context.SpringBootTestContextBootstrapper - Found @SpringBootConfiguration com.bookindle.boosystem.BoosystemApplication for test class com.bookindle.boosystem.BoosystemApplicationTests
10:33:14.038 [Test worker] DEBUG org.springframework.boot.test.context.SpringBootTestContextBootstrapper - @TestExecutionListeners is not present for class [com.bookindle.boosystem.BoosystemApplicationTests]: using defaults.
10:33:14.038 [Test worker] INFO org.springframework.boot.test.context.SpringBootTestContextBootstrapper - Loaded default TestExecutionListener class names from location [META-INF/spring.factories]: [org.springframework.security.test.context.support.WithSecurityContextTestExecutionListener, org.springframework.security.test.context.support.ReactorContextTestExecutionListener, org.springframework.boot.test.autoconfigure.restdocs.RestDocsTestExecutionListener, org.springframework.boot.test.autoconfigure.web.client.MockRestServiceServerResetTestExecutionListener, org.springframework.boot.test.autoconfigure.web.servlet.MockMvcPrintOnlyOnFailureTestExecutionListener, org.springframework.boot.test.autoconfigure.web.servlet.WebDriverTestExecutionListener, org.springframework.boot.test.mock.mockito.MockitoTestExecutionListener, org.springframework.boot.test.mock.mockito.ResetMocksTestExecutionListener, org.springframework.test.context.web.ServletTestExecutionListener, org.springframework.test.context.support.DirtiesContextBeforeModesTestExecutionListener, org.springframework.test.context.support.DependencyInjectionTestExecutionListener, org.springframework.test.context.support.DirtiesContextTestExecutionListener, org.springframework.test.context.transaction.TransactionalTestExecutionListener, org.springframework.test.context.jdbc.SqlScriptsTestExecutionListener, org.springframework.test.context.event.EventPublishingTestExecutionListener]
10:33:14.058 [Test worker] INFO org.springframework.boot.test.context.SpringBootTestContextBootstrapper - Using TestExecutionListeners: [org.springframework.test.context.web.ServletTestExecutionListener@581304be, org.springframework.test.context.support.DirtiesContextBeforeModesTestExecutionListener@6e8e41f4, org.springframework.boot.test.mock.mockito.MockitoTestExecutionListener@5dad0141, org.springframework.boot.test.autoconfigure.SpringBootDependencyInjectionTestExecutionListener@561689c0, org.springframework.test.context.support.DirtiesContextTestExecutionListener@16e04148, org.springframework.test.context.transaction.TransactionalTestExecutionListener@a7d3381, org.springframework.test.context.jdbc.SqlScriptsTestExecutionListener@3fef8c86, org.springframework.security.test.context.support.WithSecurityContextTestExecutionListener@5d554a32, org.springframework.test.context.event.EventPublishingTestExecutionListener@492baad1, org.springframework.security.test.context.support.ReactorContextTestExecutionListener@2aa9694e, org.springframework.boot.test.autoconfigure.restdocs.RestDocsTestExecutionListener@69e14b21, org.springframework.boot.test.autoconfigure.web.client.MockRestServiceServerResetTestExecutionListener@1e1298f5, org.springframework.boot.test.autoconfigure.web.servlet.MockMvcPrintOnlyOnFailureTestExecutionListener@afbd4c4, org.springframework.boot.test.autoconfigure.web.servlet.WebDriverTestExecutionListener@6bf92fcc, org.springframework.boot.test.mock.mockito.ResetMocksTestExecutionListener@822c9d1]
10:33:14.061 [Test worker] DEBUG org.springframework.test.context.support.AbstractDirtiesContextTestExecutionListener - Before test class: context [DefaultTestContext@21463578 testClass = BoosystemApplicationTests, testInstance = [null], testMethod = [null], testException = [null], mergedContextConfiguration = [WebMergedContextConfiguration@3c399832 testClass = BoosystemApplicationTests, locations = '{}', classes = '{class com.bookindle.boosystem.BoosystemApplication}', contextInitializerClasses = '[]', activeProfiles = '{}', propertySourceLocations = '{}', propertySourceProperties = '{org.springframework.boot.test.context.SpringBootTestContextBootstrapper=true}', contextCustomizers = set[org.springframework.boot.test.autoconfigure.properties.PropertyMappingContextCustomizer@0, org.springframework.boot.test.autoconfigure.web.servlet.WebDriverContextCustomizerFactory$Customizer@4a09337a, org.springframework.boot.test.context.filter.ExcludeFilterContextCustomizer@62aa2ff8, org.springframework.boot.test.json.DuplicateJsonObjectContextCustomizerFactory$DuplicateJsonObjectContextCustomizer@1501f9a7, org.springframework.boot.test.mock.mockito.MockitoContextCustomizer@0, org.springframework.boot.test.web.client.TestRestTemplateContextCustomizer@5493df70], resourceBasePath = 'src/main/webapp', contextLoader = 'org.springframework.boot.test.context.SpringBootContextLoader', parent = [null]], attributes = map['org.springframework.test.context.web.ServletTestExecutionListener.activateListener' -> true]], class annotated with @DirtiesContext [false] with mode [null].
10:33:14.089 [Test worker] DEBUG org.springframework.test.context.support.TestPropertySourceUtils - Adding inlined properties to environment: {spring.jmx.enabled=false, org.springframework.boot.test.context.SpringBootTestContextBootstrapper=true, server.port=-1}

  .   ____          _            __ _ _
 /\\ / ___'_ __ _ _(_)_ __  __ _ \ \ \ \
( ( )\___ | '_ | '_| | '_ \/ _` | \ \ \ \
 \\/  ___)| |_)| | | | | || (_| |  ) ) ) )
  '  |____| .__|_| |_|_| |_\__, | / / / /
 =========|_|==============|___/=/_/_/_/
 :: Spring Boot ::        (v2.2.5.RELEASE)

2020-03-15 10:33:14.365  INFO 48730 --- [    Test worker] c.b.boosystem.BoosystemApplicationTests  : Starting BoosystemApplicationTests on MacBook-Pro.local with PID 48730 (started by xxf in /Users/xxf/Documents/java-workspace/boosystem)
2020-03-15 10:33:14.366  INFO 48730 --- [    Test worker] c.b.boosystem.BoosystemApplicationTests  : No active profile set, falling back to default profiles: default
2020-03-15 10:33:14.982  INFO 48730 --- [    Test worker] .s.d.r.c.RepositoryConfigurationDelegate : Bootstrapping Spring Data JPA repositories in DEFAULT mode.
2020-03-15 10:33:15.050  INFO 48730 --- [    Test worker] .s.d.r.c.RepositoryConfigurationDelegate : Finished Spring Data repository scanning in 60ms. Found 3 JPA repository interfaces.
2020-03-15 10:33:15.807  INFO 48730 --- [    Test worker] o.hibernate.jpa.internal.util.LogHelper  : HHH000204: Processing PersistenceUnitInfo [name: default]
2020-03-15 10:33:15.894  INFO 48730 --- [    Test worker] org.hibernate.Version                    : HHH000412: Hibernate ORM core version 5.4.12.Final
2020-03-15 10:33:16.050  INFO 48730 --- [    Test worker] o.hibernate.annotations.common.Version   : HCANN000001: Hibernate Commons Annotations {5.1.0.Final}
2020-03-15 10:33:16.204  INFO 48730 --- [    Test worker] com.zaxxer.hikari.HikariDataSource       : HikariPool-1 - Starting...
2020-03-15 10:33:16.399  INFO 48730 --- [    Test worker] com.zaxxer.hikari.HikariDataSource       : HikariPool-1 - Start completed.
2020-03-15 10:33:16.421  INFO 48730 --- [    Test worker] org.hibernate.dialect.Dialect            : HHH000400: Using dialect: org.hibernate.dialect.MySQL8Dialect
Hibernate: drop table if exists author
Hibernate: drop table if exists book
Hibernate: drop table if exists publisher
Hibernate: create table author (id bigint not null auto_increment, author varchar(10) not null, primary key (id)) engine=InnoDB
Hibernate: create table book (id bigint not null auto_increment, author varchar(50), binding varchar(50), format varchar(255), gist longtext, image varchar(200), img varchar(255), isbn varchar(255), page varchar(255), paper varchar(255), price varchar(255), produce varchar(255), pubdate varchar(255), publisher varchar(255), title varchar(255), primary key (id)) engine=InnoDB
Hibernate: create table publisher (id bigint not null auto_increment, publisher varchar(50) not null, primary key (id)) engine=InnoDB
2020-03-15 10:33:17.417  INFO 48730 --- [    Test worker] o.h.e.t.j.p.i.JtaPlatformInitiator       : HHH000490: Using JtaPlatform implementation: [org.hibernate.engine.transaction.jta.platform.internal.NoJtaPlatform]
2020-03-15 10:33:17.424  INFO 48730 --- [    Test worker] j.LocalContainerEntityManagerFactoryBean : Initialized JPA EntityManagerFactory for persistence unit 'default'
2020-03-15 10:33:18.143  WARN 48730 --- [    Test worker] JpaBaseConfiguration$JpaWebConfiguration : spring.jpa.open-in-view is enabled by default. Therefore, database queries may be performed during view rendering. Explicitly configure spring.jpa.open-in-view to disable this warning
2020-03-15 10:33:18.388  INFO 48730 --- [    Test worker] o.s.s.concurrent.ThreadPoolTaskExecutor  : Initializing ExecutorService 'applicationTaskExecutor'
2020-03-15 10:33:18.503  INFO 48730 --- [    Test worker] o.s.b.a.w.s.WelcomePageHandlerMapping    : Adding welcome page: class path resource [static/index.html]
2020-03-15 10:33:18.934  INFO 48730 --- [    Test worker] c.b.boosystem.BoosystemApplicationTests  : Started BoosystemApplicationTests in 4.836 seconds (JVM running for 6.249)
]]></system-out>
  <system-err><![CDATA[]]></system-err>
</testsuite>
